Build started 2017-06-29 20:06:56.
     1>Project "C:\Users\Baran.Topal\Documents\Java\interviews\C#Projects\Xylem-Exercise-BaranTopal\CMock\BigDataMock\BigDataMock\BigDataMock.vcxproj" on node 2 (rebuild target(s)).
     1>_PrepareForClean:
         Deleting file "Debug\BigDataMock.lastbuildstate".
       InitializeBuildStatus:
         Creating "Debug\BigDataMock.unsuccessfulbuild" because "AlwaysCreate" was specified.
       ClCompile:
         C:\Program Files (x86)\Microsoft Visual Studio 10.0\VC\bin\CL.exe /c /ZI /nologo /W3 /WX- /Od /Oy- /D WIN32 /D _DEBUG /D _CONSOLE /D _UNICODE /D UNICODE /Gm /EHsc /RTC1 /MDd /GS /fp:precise /Zc:wchar_t /Zc:forScope /Fo"Debug\\" /Fd"Debug\vc100.pdb" /Gd /TP /analyze- /errorReport:prompt BigDataMock.cpp
         BigDataMock.cpp
     1>c:\users\baran.topal\documents\java\interviews\c#projects\xylem-exercise-barantopal\cmock\bigdatamock\bigdatamock\bigdatamock.cpp(35): warning C4996: 'fopen': This function or variable may be unsafe. Consider using fopen_s instead. To disable deprecation, use _CRT_SECURE_NO_WARNINGS. See online help for details.
                 c:\program files (x86)\microsoft visual studio 10.0\vc\include\stdio.h(234) : see declaration of 'fopen'
     1>c:\users\baran.topal\documents\java\interviews\c#projects\xylem-exercise-barantopal\cmock\bigdatamock\bigdatamock\bigdatamock.cpp(38): warning C4244: 'argument' : conversion from 'time_t' to 'unsigned int', possible loss of data
       ManifestResourceCompile:
         C:\Program Files (x86)\Microsoft SDKs\Windows\v7.0A\bin\rc.exe /nologo /fo"Debug\BigDataMock.exe.embed.manifest.res" Debug\BigDataMock_manifest.rc 
       Link:
         C:\Program Files (x86)\Microsoft Visual Studio 10.0\VC\bin\link.exe /ERRORREPORT:PROMPT /OUT:"C:\Users\Baran.Topal\Documents\Java\interviews\C#Projects\Xylem-Exercise-BaranTopal\CMock\BigDataMock\Debug\BigDataMock.exe" /INCREMENTAL /NOLOGO kernel32.lib user32.lib gdi32.lib winspool.lib comdlg32.lib advapi32.lib shell32.lib ole32.lib oleaut32.lib uuid.lib odbc32.lib odbccp32.lib /MANIFEST /ManifestFile:"Debug\BigDataMock.exe.intermediate.manifest" /MANIFESTUAC:"level='asInvoker' uiAccess='false'" /DEBUG /PDB:"C:\Users\Baran.Topal\Documents\Java\interviews\C#Projects\Xylem-Exercise-BaranTopal\CMock\BigDataMock\Debug\BigDataMock.pdb" /SUBSYSTEM:CONSOLE /TLBID:1 /DYNAMICBASE /NXCOMPAT /IMPLIB:"C:\Users\Baran.Topal\Documents\Java\interviews\C#Projects\Xylem-Exercise-BaranTopal\CMock\BigDataMock\Debug\BigDataMock.lib" /MACHINE:X86 Debug\BigDataMock.exe.embed.manifest.res
         Debug\BigDataMock.obj
       Manifest:
         Deleting file "Debug\BigDataMock.exe.embed.manifest".
         C:\Program Files (x86)\Microsoft SDKs\Windows\v7.0A\bin\mt.exe /nologo /verbose /out:"Debug\BigDataMock.exe.embed.manifest" /manifest Debug\BigDataMock.exe.intermediate.manifest
         C:\Program Files (x86)\Microsoft SDKs\Windows\v7.0A\bin\rc.exe /nologo /fo"Debug\BigDataMock.exe.embed.manifest.res" Debug\BigDataMock_manifest.rc 
       LinkEmbedManifest:
         C:\Program Files (x86)\Microsoft Visual Studio 10.0\VC\bin\link.exe /ERRORREPORT:PROMPT /OUT:"C:\Users\Baran.Topal\Documents\Java\interviews\C#Projects\Xylem-Exercise-BaranTopal\CMock\BigDataMock\Debug\BigDataMock.exe" /INCREMENTAL /NOLOGO kernel32.lib user32.lib gdi32.lib winspool.lib comdlg32.lib advapi32.lib shell32.lib ole32.lib oleaut32.lib uuid.lib odbc32.lib odbccp32.lib /MANIFEST /ManifestFile:"Debug\BigDataMock.exe.intermediate.manifest" /MANIFESTUAC:"level='asInvoker' uiAccess='false'" /DEBUG /PDB:"C:\Users\Baran.Topal\Documents\Java\interviews\C#Projects\Xylem-Exercise-BaranTopal\CMock\BigDataMock\Debug\BigDataMock.pdb" /SUBSYSTEM:CONSOLE /TLBID:1 /DYNAMICBASE /NXCOMPAT /IMPLIB:"C:\Users\Baran.Topal\Documents\Java\interviews\C#Projects\Xylem-Exercise-BaranTopal\CMock\BigDataMock\Debug\BigDataMock.lib" /MACHINE:X86 Debug\BigDataMock.exe.embed.manifest.res
         Debug\BigDataMock.obj
         BigDataMock.vcxproj -> C:\Users\Baran.Topal\Documents\Java\interviews\C#Projects\Xylem-Exercise-BaranTopal\CMock\BigDataMock\Debug\BigDataMock.exe
       FinalizeBuildStatus:
         Deleting file "Debug\BigDataMock.unsuccessfulbuild".
         Touching "Debug\BigDataMock.lastbuildstate".
     1>Done Building Project "C:\Users\Baran.Topal\Documents\Java\interviews\C#Projects\Xylem-Exercise-BaranTopal\CMock\BigDataMock\BigDataMock\BigDataMock.vcxproj" (rebuild target(s)).

Build succeeded.

Time Elapsed 00:00:01.95
