C:\USERS\BARAN.TOPAL\DOCUMENTS\JAVA\INTERVIEWS\C#PROJECTS\XYLEM-EXERCISE-BARANTOPAL\CMOCK\BIGDATAMOCK\BIGDATAMOCK\DEBUG\BIGDATAMOCK.EXE.EMBED.MANIFEST
C:\USERS\BARAN.TOPAL\DOCUMENTS\JAVA\INTERVIEWS\C#PROJECTS\XYLEM-EXERCISE-BARANTOPAL\CMOCK\BIGDATAMOCK\BIGDATAMOCK\DEBUG\BIGDATAMOCK.EXE.EMBED.MANIFEST.RES
C:\USERS\BARAN.TOPAL\DOCUMENTS\JAVA\INTERVIEWS\C#PROJECTS\XYLEM-EXERCISE-BARANTOPAL\CMOCK\BIGDATAMOCK\BIGDATAMOCK\DEBUG\BIGDATAMOCK.EXE.INTERMEDIATE.MANIFEST
C:\USERS\BARAN.TOPAL\DOCUMENTS\JAVA\INTERVIEWS\C#PROJECTS\XYLEM-EXERCISE-BARANTOPAL\CMOCK\BIGDATAMOCK\BIGDATAMOCK\DEBUG\BIGDATAMOCK.OBJ
C:\Users\Baran.Topal\Documents\Java\interviews\C#Projects\Xylem-Exercise-BaranTopal\CMock\BigDataMock\BigDataMock\Debug\BigDataMock.vcxprojResolveAssemblyReference.cache
C:\Users\Baran.Topal\Documents\Java\interviews\C#Projects\Xylem-Exercise-BaranTopal\CMock\BigDataMock\BigDataMock\Debug\BigDataMock.write.1.tlog
C:\Users\Baran.Topal\Documents\Java\interviews\C#Projects\Xylem-Exercise-BaranTopal\CMock\BigDataMock\BigDataMock\Debug\BigDataMock_manifest.rc
C:\Users\Baran.Topal\Documents\Java\interviews\C#Projects\Xylem-Exercise-BaranTopal\CMock\BigDataMock\BigDataMock\Debug\cl.command.1.tlog
C:\Users\Baran.Topal\Documents\Java\interviews\C#Projects\Xylem-Exercise-BaranTopal\CMock\BigDataMock\BigDataMock\Debug\CL.read.1.tlog
C:\Users\Baran.Topal\Documents\Java\interviews\C#Projects\Xylem-Exercise-BaranTopal\CMock\BigDataMock\BigDataMock\Debug\CL.write.1.tlog
C:\Users\Baran.Topal\Documents\Java\interviews\C#Projects\Xylem-Exercise-BaranTopal\CMock\BigDataMock\BigDataMock\Debug\link.13276.read.1.tlog
C:\Users\Baran.Topal\Documents\Java\interviews\C#Projects\Xylem-Exercise-BaranTopal\CMock\BigDataMock\BigDataMock\Debug\link.13276.write.1.tlog
C:\Users\Baran.Topal\Documents\Java\interviews\C#Projects\Xylem-Exercise-BaranTopal\CMock\BigDataMock\BigDataMock\Debug\link.13276-cvtres.read.1.tlog
C:\Users\Baran.Topal\Documents\Java\interviews\C#Projects\Xylem-Exercise-BaranTopal\CMock\BigDataMock\BigDataMock\Debug\link.13276-cvtres.write.1.tlog
C:\Users\Baran.Topal\Documents\Java\interviews\C#Projects\Xylem-Exercise-BaranTopal\CMock\BigDataMock\BigDataMock\Debug\link.2640.read.1.tlog
C:\Users\Baran.Topal\Documents\Java\interviews\C#Projects\Xylem-Exercise-BaranTopal\CMock\BigDataMock\BigDataMock\Debug\link.2640.write.1.tlog
C:\Users\Baran.Topal\Documents\Java\interviews\C#Projects\Xylem-Exercise-BaranTopal\CMock\BigDataMock\BigDataMock\Debug\link.2640-cvtres.read.1.tlog
C:\Users\Baran.Topal\Documents\Java\interviews\C#Projects\Xylem-Exercise-BaranTopal\CMock\BigDataMock\BigDataMock\Debug\link.2640-cvtres.write.1.tlog
C:\Users\Baran.Topal\Documents\Java\interviews\C#Projects\Xylem-Exercise-BaranTopal\CMock\BigDataMock\BigDataMock\Debug\link.command.1.tlog
C:\Users\Baran.Topal\Documents\Java\interviews\C#Projects\Xylem-Exercise-BaranTopal\CMock\BigDataMock\BigDataMock\Debug\link.read.1.tlog
C:\Users\Baran.Topal\Documents\Java\interviews\C#Projects\Xylem-Exercise-BaranTopal\CMock\BigDataMock\BigDataMock\Debug\link.write.1.tlog
C:\Users\Baran.Topal\Documents\Java\interviews\C#Projects\Xylem-Exercise-BaranTopal\CMock\BigDataMock\BigDataMock\Debug\link-cvtres.read.1.tlog
C:\Users\Baran.Topal\Documents\Java\interviews\C#Projects\Xylem-Exercise-BaranTopal\CMock\BigDataMock\BigDataMock\Debug\link-cvtres.write.1.tlog
C:\Users\Baran.Topal\Documents\Java\interviews\C#Projects\Xylem-Exercise-BaranTopal\CMock\BigDataMock\BigDataMock\Debug\mt.command.1.tlog
C:\Users\Baran.Topal\Documents\Java\interviews\C#Projects\Xylem-Exercise-BaranTopal\CMock\BigDataMock\BigDataMock\Debug\mt.read.1.tlog
C:\Users\Baran.Topal\Documents\Java\interviews\C#Projects\Xylem-Exercise-BaranTopal\CMock\BigDataMock\BigDataMock\Debug\mt.write.1.tlog
C:\Users\Baran.Topal\Documents\Java\interviews\C#Projects\Xylem-Exercise-BaranTopal\CMock\BigDataMock\BigDataMock\Debug\rc.command.1.tlog
C:\Users\Baran.Topal\Documents\Java\interviews\C#Projects\Xylem-Exercise-BaranTopal\CMock\BigDataMock\BigDataMock\Debug\rc.read.1.tlog
C:\Users\Baran.Topal\Documents\Java\interviews\C#Projects\Xylem-Exercise-BaranTopal\CMock\BigDataMock\BigDataMock\Debug\rc.write.1.tlog
C:\Users\Baran.Topal\Documents\Java\interviews\C#Projects\Xylem-Exercise-BaranTopal\CMock\BigDataMock\BigDataMock\Debug\vc100.idb
C:\USERS\BARAN.TOPAL\DOCUMENTS\JAVA\INTERVIEWS\C#PROJECTS\XYLEM-EXERCISE-BARANTOPAL\CMOCK\BIGDATAMOCK\BIGDATAMOCK\DEBUG\VC100.PDB
C:\USERS\BARAN.TOPAL\DOCUMENTS\JAVA\INTERVIEWS\C#PROJECTS\XYLEM-EXERCISE-BARANTOPAL\CMOCK\BIGDATAMOCK\DEBUG\BIGDATAMOCK.EXE
C:\USERS\BARAN.TOPAL\DOCUMENTS\JAVA\INTERVIEWS\C#PROJECTS\XYLEM-EXERCISE-BARANTOPAL\CMOCK\BIGDATAMOCK\DEBUG\BIGDATAMOCK.ILK
C:\USERS\BARAN.TOPAL\DOCUMENTS\JAVA\INTERVIEWS\C#PROJECTS\XYLEM-EXERCISE-BARANTOPAL\CMOCK\BIGDATAMOCK\DEBUG\BIGDATAMOCK.PDB
C:\USERS\BARAN\DESKTOP\XYLEM-EXERCISE-BARANTOPAL\BIGDATAMOCK\BIGDATAMOCK\BIGDATAMOCK\DEBUG\BIGDATAMOCK.EXE.EMBED.MANIFEST
C:\USERS\BARAN\DESKTOP\XYLEM-EXERCISE-BARANTOPAL\BIGDATAMOCK\BIGDATAMOCK\BIGDATAMOCK\DEBUG\BIGDATAMOCK.EXE.EMBED.MANIFEST.RES
C:\USERS\BARAN\DESKTOP\XYLEM-EXERCISE-BARANTOPAL\BIGDATAMOCK\BIGDATAMOCK\BIGDATAMOCK\DEBUG\BIGDATAMOCK.EXE.INTERMEDIATE.MANIFEST
C:\USERS\BARAN\DESKTOP\XYLEM-EXERCISE-BARANTOPAL\BIGDATAMOCK\BIGDATAMOCK\BIGDATAMOCK\DEBUG\BIGDATAMOCK.OBJ
C:\USERS\BARAN\DESKTOP\XYLEM-EXERCISE-BARANTOPAL\BIGDATAMOCK\BIGDATAMOCK\BIGDATAMOCK\DEBUG\VC100.PDB
C:\USERS\BARAN\DESKTOP\XYLEM-EXERCISE-BARANTOPAL\BIGDATAMOCK\BIGDATAMOCK\DEBUG\BIGDATAMOCK.EXE
C:\USERS\BARAN\DESKTOP\XYLEM-EXERCISE-BARANTOPAL\BIGDATAMOCK\BIGDATAMOCK\DEBUG\BIGDATAMOCK.ILK
C:\USERS\BARAN\DESKTOP\XYLEM-EXERCISE-BARANTOPAL\BIGDATAMOCK\BIGDATAMOCK\DEBUG\BIGDATAMOCK.PDB
